./testdata/8.in 1 0.000004 0.000000
./testdata/8.in 2 0.000021 0.000001
./testdata/8.in 4 0.000024 0.000001
./testdata/16.in 1 0.000007 0.000000
./testdata/16.in 2 0.000019 0.000000
./testdata/16.in 4 0.000034 0.000001
./testdata/32.in 1 0.000017 0.000000
./testdata/32.in 2 0.000041 0.000001
./testdata/32.in 4 0.000060 0.000001
./testdata/64.in 1 0.000045 0.000000
./testdata/64.in 2 0.000068 0.000000
./testdata/64.in 4 0.000185 0.000001
./testdata/128.in 1 0.000133 0.000000
./testdata/128.in 2 0.000146 0.000001
./testdata/128.in 4 0.000243 0.000001
./testdata/256.in 1 0.000445 0.000000
./testdata/256.in 2 0.000531 0.000001
./testdata/256.in 4 0.000515 0.000001
./testdata/512.in 1 0.001654 0.000000
./testdata/512.in 2 0.001070 0.000000
./testdata/512.in 4 0.001315 0.000001
./testdata/1024.in 1 0.004564 0.000000
./testdata/1024.in 2 0.003173 0.000001
./testdata/1024.in 4 0.003783 0.000002
./testdata/2048.in 1 0.017640 0.000000
./testdata/2048.in 2 0.018126 0.000001
./testdata/2048.in 4 0.011837 0.000002
./testdata/4096.in 1 0.069531 0.000000
./testdata/4096.in 2 0.041929 0.000001
./testdata/4096.in 4 0.042882 0.000001
./testdata/8192.in 1 0.274612 0.000000
./testdata/8192.in 2 0.161546 0.000001
./testdata/8192.in 4 0.155581 0.000001
